0 info it worked if it ends with ok
1 verbose cli [ '/usr/bin/node', '/usr/bin/npm', 'run', 'dev-server' ]
2 info using npm@3.5.2
3 info using node@v8.10.0
4 verbose run-script [ 'predev-server', 'dev-server', 'postdev-server' ]
5 info lifecycle find_the_pair@1.0.0~predev-server: find_the_pair@1.0.0
6 silly lifecycle find_the_pair@1.0.0~predev-server: no script for predev-server, continuing
7 info lifecycle find_the_pair@1.0.0~dev-server: find_the_pair@1.0.0
8 verbose lifecycle find_the_pair@1.0.0~dev-server: unsafe-perm in lifecycle true
9 verbose lifecycle find_the_pair@1.0.0~dev-server: PATH: /usr/share/npm/bin/node-gyp-bin:/home/alexeys/gitRepositories/findThePair/node_modules/.bin:/home/alexeys/bin:/usr/local/sbin:/usr/local/bin:/usr/sbin:/usr/bin:/sbin:/bin:/usr/games:/usr/local/games:/snap/bin
10 verbose lifecycle find_the_pair@1.0.0~dev-server: CWD: /home/alexeys/gitRepositories/findThePair
11 silly lifecycle find_the_pair@1.0.0~dev-server: Args: [ '-c', 'webpack-dev-server --config webpack.dev --open' ]
12 silly lifecycle find_the_pair@1.0.0~dev-server: Returned: code: 1  signal: null
13 info lifecycle find_the_pair@1.0.0~dev-server: Failed to exec dev-server script
14 verbose stack Error: find_the_pair@1.0.0 dev-server: `webpack-dev-server --config webpack.dev --open`
14 verbose stack Exit status 1
14 verbose stack     at EventEmitter.<anonymous> (/usr/share/npm/lib/utils/lifecycle.js:232:16)
14 verbose stack     at emitTwo (events.js:126:13)
14 verbose stack     at EventEmitter.emit (events.js:214:7)
14 verbose stack     at ChildProcess.<anonymous> (/usr/share/npm/lib/utils/spawn.js:24:14)
14 verbose stack     at emitTwo (events.js:126:13)
14 verbose stack     at ChildProcess.emit (events.js:214:7)
14 verbose stack     at maybeClose (internal/child_process.js:925:16)
14 verbose stack     at Process.ChildProcess._handle.onexit (internal/child_process.js:209:5)
15 verbose pkgid find_the_pair@1.0.0
16 verbose cwd /home/alexeys/gitRepositories/findThePair
17 error Linux 4.15.0-70-generic
18 error argv "/usr/bin/node" "/usr/bin/npm" "run" "dev-server"
19 error node v8.10.0
20 error npm  v3.5.2
21 error code ELIFECYCLE
22 error find_the_pair@1.0.0 dev-server: `webpack-dev-server --config webpack.dev --open`
22 error Exit status 1
23 error Failed at the find_the_pair@1.0.0 dev-server script 'webpack-dev-server --config webpack.dev --open'.
23 error Make sure you have the latest version of node.js and npm installed.
23 error If you do, this is most likely a problem with the find_the_pair package,
23 error not with npm itself.
23 error Tell the author that this fails on your system:
23 error     webpack-dev-server --config webpack.dev --open
23 error You can get information on how to open an issue for this project with:
23 error     npm bugs find_the_pair
23 error Or if that isn't available, you can get their info via:
23 error     npm owner ls find_the_pair
23 error There is likely additional logging output above.
24 verbose exit [ 1, true ]
